running with 1 processes on 1 nodes
Updating potential...done
Updating action finder...done
Computing density for component 0...done
Computing density for component 1...done
Updating potential...done
Updating action finder...done
Computing density for component 0...done
Computing density for component 1...done
Updating potential...done
Updating action finder...done
Computing density for component 0...done
Computing density for component 1...done
Updating potential...done
Updating action finder...done
Computing density for component 0...done
Computing density for component 1...done
Updating potential...done
Updating action finder...done
Computing density for component 0...done
Computing density for component 1...done
Updating potential...done
Updating action finder...done
Computing density for component 0...done
Computing density for component 1...done
Updating potential...done
Updating action finder...done
Information of iteration init:
Disk  total mass=1.99998, rho(R=2,z=0)=0.0487915, rho(R=2,z=0.25)=0.02608
Halo  total mass=20, rho(R=2,z=0)=0.0124823, rho(R=2,z=0.25)=0.0123307
[1;33m**** STARTING ITERATIVE MODELLING ****[0m
Masses (computed from DF): 
MDisk=2.0000000000000018
MHalo=20.000419565346473
[1;37mStarting iteration #1[0m
Information of iteration iter1:
Disk  total mass=1.99982, rho(R=2,z=0)=0.0380907, rho(R=2,z=0.25)=0.0255125
Halo  total mass=20.0305, rho(R=2,z=0)=0.013849, rho(R=2,z=0.25)=0.0134733
[1;37mStarting iteration #2[0m
Information of iteration iter2:
Disk  total mass=1.99915, rho(R=2,z=0)=0.0361332, rho(R=2,z=0.25)=0.025145
Halo  total mass=20.0223, rho(R=2,z=0)=0.0136221, rho(R=2,z=0.25)=0.0132688
[1;37mStarting iteration #3[0m
Information of iteration iter3:
Disk  total mass=1.99889, rho(R=2,z=0)=0.0353499, rho(R=2,z=0.25)=0.0248352
Halo  total mass=20.0218, rho(R=2,z=0)=0.0134868, rho(R=2,z=0.25)=0.0131411
[1;37mStarting iteration #4[0m
Information of iteration iter4:
Disk  total mass=1.99866, rho(R=2,z=0)=0.0349459, rho(R=2,z=0.25)=0.0246562
Halo  total mass=20.0219, rho(R=2,z=0)=0.0134138, rho(R=2,z=0.25)=0.013072
[1;37mStarting iteration #5[0m
Information of iteration iter5:
Disk  total mass=1.99876, rho(R=2,z=0)=0.0347296, rho(R=2,z=0.25)=0.0245613
Halo  total mass=20.022, rho(R=2,z=0)=0.0133763, rho(R=2,z=0.25)=0.0130366
[1;33mCreating an N-body representation of the model[0m
Sampling Disk DF
Sampling Halo DF
Recommended value for the softening length of Disk particles: 0.018562514007571817 kpc.
Recommended value for the softening length of Halo particles: 0.05850177061011075 kpc.
Input INI file:diskhalo.ini in directory:/home/bhchen/FeGradient/IC/test_ic/
Output txt file:model_* in directory:/home/bhchen/FeGradient/IC/test_ic/
Read in the txt file of different components...
Create the hdf5 file 'diskhalo.hdf5' at /home/bhchen/FeGradient/IC/test_ic/...
Create the Header...
Create the different PartType...
Finish the transformation!
Input text file:model_* in directory:/home/bhchen/FeGradient/IC/test_ic/
Output hdf5 file:diskhalo.hdf5 in directory:/home/bhchen/FeGradient/IC/test_ic/
Done!
running with 1 processes on 1 nodes
KeysView(<configparser.ConfigParser object at 0x2ad8c92137f0>)
[1;33m**** WILL RECENTER THE SYSTEM FOR EACH COMPONENT![0m
[1;33m**** READING IN THE SNAPSHOT diskhalo.hdf5[0m
[1;33m**** READING IN DIFFERENT COMPONENTS IN THE SNAPSHOT[0m
CoMs for each component in the model:
 [array([-0.00487065,  0.00859203, -0.00011951]), array([-2.05123605e-02,  1.23038390e-05, -2.82680959e-02])]
[1;33m**** Tansforming the Disk component ...[0m
[1;33m**** Tansforming the Halo component ...[0m
[1;33m**** JOB HAS BEEN FINISHED![0m
Input hdf5 file:diskhalo.hdf5 in directory:/home/bhchen/FeGradient/IC/test_ic/
Output text file:model* in directory:/home/bhchen/FeGradient/IC/Fig/
[1;33m**** Reading in the Disk component...[0m
[1;33m**** Reading in the Halo component...[0m
[1;33m**** Plotting RC...[0m
[1;33m**** Plotting Toomre parameter profile...[0m
Done!
running with 1 processes on 1 nodes
KeysView(<configparser.ConfigParser object at 0x2b30b73537f0>)
[1;33m**** WILL RECENTER THE SYSTEM FOR EACH COMPONENT![0m
[1;33m**** READING IN THE SNAPSHOT diskhalo.hdf5[0m
[1;33m**** READING IN DIFFERENT COMPONENTS IN THE SNAPSHOT[0m
CoMs for each component in the model:
 [array([-0.00487065,  0.00859203, -0.00011951]), array([-2.05123605e-02,  1.23038390e-05, -2.82680959e-02])]
[1;33m**** Tansforming the Disk component ...[0m
[1;33m**** Tansforming the Halo component ...[0m
[1;33m**** JOB HAS BEEN FINISHED![0m
Input hdf5 file:diskhalo.hdf5 in directory:/home/bhchen/FeGradient/IC/test_ic/
Output text file:model* in directory:/home/bhchen/FeGradient/IC/Fig/
[1;33m**** Reading in the Disk component...[0m
[1;33m**** Reading in the Halo component...[0m
[1;33m**** Plotting RC...[0m
[1;33m**** Plotting Toomre parameter profile...[0m
Done!
running with 1 processes on 1 nodes
Updating potential...done
Updating action finder...done
Computing density for component 0...done
Computing density for component 1...done
Updating potential...done
Updating action finder...done
Computing density for component 0...done
Computing density for component 1...done
Updating potential...done
Updating action finder...done
Computing density for component 0...done
Computing density for component 1...done
Updating potential...done
Updating action finder...done
Computing density for component 0...done
Computing density for component 1...done
Updating potential...done
Updating action finder...done
Computing density for component 0...done
Computing density for component 1...done
Updating potential...done
Updating action finder...done
Computing density for component 0...done
Computing density for component 1...done
Updating potential...done
Updating action finder...done
Information of iteration init:
Disk  total mass=2, rho(R=2,z=0)=0.0172314, rho(R=2,z=0.25)=0.0165601
Halo  total mass=20, rho(R=2,z=0)=0.0124823, rho(R=2,z=0.25)=0.0123307
[1;33m**** STARTING ITERATIVE MODELLING ****[0m
Masses (computed from DF): 
MDisk=2.0000000000000018
MHalo=19.999933712902113
[1;37mStarting iteration #1[0m
Information of iteration iter1:
Disk  total mass=1.99917, rho(R=2,z=0)=0.0400153, rho(R=2,z=0.25)=0.0269582
Halo  total mass=20.0026, rho(R=2,z=0)=0.0126946, rho(R=2,z=0.25)=0.012516
[1;37mStarting iteration #2[0m
Information of iteration iter2:
Disk  total mass=1.99933, rho(R=2,z=0)=0.0414733, rho(R=2,z=0.25)=0.0242317
Halo  total mass=20.0211, rho(R=2,z=0)=0.0125935, rho(R=2,z=0.25)=0.0122923
[1;37mStarting iteration #3[0m
Information of iteration iter3:
Disk  total mass=2.00426, rho(R=2,z=0)=0.0379844, rho(R=2,z=0.25)=0.0224227
Halo  total mass=20.0241, rho(R=2,z=0)=0.0121769, rho(R=2,z=0.25)=0.0118767
[1;37mStarting iteration #4[0m
Information of iteration iter4:
Disk  total mass=1.99999, rho(R=2,z=0)=0.0352183, rho(R=2,z=0.25)=0.0214506
Halo  total mass=20.0337, rho(R=2,z=0)=0.0118839, rho(R=2,z=0.25)=0.011597
[1;37mStarting iteration #5[0m
Information of iteration iter5:
Disk  total mass=1.99982, rho(R=2,z=0)=0.0335362, rho(R=2,z=0.25)=0.0208856
Halo  total mass=20.0259, rho(R=2,z=0)=0.0117069, rho(R=2,z=0.25)=0.0114303
[1;33mCreating an N-body representation of the model[0m
Sampling Disk DF
Sampling Halo DF
Recommended value for the softening length of Disk particles: 0.018565795306425676 kpc.
Recommended value for the softening length of Halo particles: 0.05850559524899943 kpc.
Input INI file:diskhalo.ini in directory:/home/bhchen/FeGradient/IC/test_ic/
Output txt file:model_* in directory:/home/bhchen/FeGradient/IC/test_ic/
Read in the txt file of different components...
Create the hdf5 file 'diskhalo.hdf5' at /home/bhchen/FeGradient/IC/test_ic/...
Create the Header...
Create the different PartType...
Finish the transformation!
Input text file:model_* in directory:/home/bhchen/FeGradient/IC/test_ic/
Output hdf5 file:diskhalo.hdf5 in directory:/home/bhchen/FeGradient/IC/test_ic/
Done!
running with 1 processes on 1 nodes
KeysView(<configparser.ConfigParser object at 0x2aeecdcc47f0>)
[1;33m**** WILL RECENTER THE SYSTEM FOR EACH COMPONENT![0m
[1;33m**** READING IN THE SNAPSHOT diskhalo.hdf5[0m
[1;33m**** READING IN DIFFERENT COMPONENTS IN THE SNAPSHOT[0m
CoMs for each component in the model:
 [array([ 0.00087321,  0.00215182, -0.00024719]), array([0.00106444, 0.01821393, 0.02925258])]
[1;33m**** Tansforming the Disk component ...[0m
[1;33m**** Tansforming the Halo component ...[0m
[1;33m**** JOB HAS BEEN FINISHED![0m
Input hdf5 file:diskhalo.hdf5 in directory:/home/bhchen/FeGradient/IC/test_ic/
Output text file:model* in directory:/home/bhchen/FeGradient/IC/Fig/
[1;33m**** Reading in the Disk component...[0m
[1;33m**** Reading in the Halo component...[0m
[1;33m**** Plotting RC...[0m
[1;33m**** Plotting Toomre parameter profile...[0m
Done!
running with 1 processes on 1 nodes
Updating potential...done
Updating action finder...done
Computing density for component 0...done
Computing density for component 1...done
Updating potential...done
Updating action finder...done
Computing density for component 0...done
Computing density for component 1...done
Updating potential...done
Updating action finder...done
Computing density for component 0...done
Computing density for component 1...done
Updating potential...done
Updating action finder...done
Computing density for component 0...done
Computing density for component 1...done
Updating potential...done
Updating action finder...done
Computing density for component 0...done
Computing density for component 1...done
Updating potential...done
Updating action finder...done
Computing density for component 0...done
Computing density for component 1...done
Updating potential...done
Updating action finder...done
Information of iteration init:
Disk  total mass=2, rho(R=2,z=0)=0.0172314, rho(R=2,z=0.25)=0.0165601
Halo  total mass=25, rho(R=2,z=0)=0.0301764, rho(R=2,z=0.25)=0.029711
[1;33m**** STARTING ITERATIVE MODELLING ****[0m
Masses (computed from DF): 
MDisk=2.000000000000002
MHalo=24.999967011162287
[1;37mStarting iteration #1[0m
Information of iteration iter1:
Disk  total mass=1.99886, rho(R=2,z=0)=0.040554, rho(R=2,z=0.25)=0.0273111
Halo  total mass=25.0058, rho(R=2,z=0)=0.0305329, rho(R=2,z=0.25)=0.0300236
[1;37mStarting iteration #2[0m
Information of iteration iter2:
Disk  total mass=1.99907, rho(R=2,z=0)=0.0415749, rho(R=2,z=0.25)=0.0255656
Halo  total mass=25.028, rho(R=2,z=0)=0.0310939, rho(R=2,z=0.25)=0.0303567
[1;37mStarting iteration #3[0m
Information of iteration iter3:
Disk  total mass=1.99911, rho(R=2,z=0)=0.0398912, rho(R=2,z=0.25)=0.0246485
Halo  total mass=25.0355, rho(R=2,z=0)=0.0307489, rho(R=2,z=0.25)=0.0300721
[1;37mStarting iteration #4[0m
Information of iteration iter4:
Disk  total mass=1.99914, rho(R=2,z=0)=0.0387449, rho(R=2,z=0.25)=0.0242731
Halo  total mass=25.0334, rho(R=2,z=0)=0.0305131, rho(R=2,z=0.25)=0.029794
[1;37mStarting iteration #5[0m
Information of iteration iter5:
Disk  total mass=1.99903, rho(R=2,z=0)=0.0380923, rho(R=2,z=0.25)=0.024048
Halo  total mass=25.0337, rho(R=2,z=0)=0.0303673, rho(R=2,z=0.25)=0.029656
[1;33mCreating an N-body representation of the model[0m
Sampling Disk DF
Sampling Halo DF
Recommended value for the softening length of Disk particles: 0.018563347120913516 kpc.
Recommended value for the softening length of Halo particles: 0.06302435694875357 kpc.
Input INI file:diskhalo.ini in directory:/home/bhchen/FeGradient/IC/test_ic/
Output txt file:model_* in directory:/home/bhchen/FeGradient/IC/test_ic/
Read in the txt file of different components...
Create the hdf5 file 'diskhalo.hdf5' at /home/bhchen/FeGradient/IC/test_ic/...
Create the Header...
Create the different PartType...
Finish the transformation!
Input text file:model_* in directory:/home/bhchen/FeGradient/IC/test_ic/
Output hdf5 file:diskhalo.hdf5 in directory:/home/bhchen/FeGradient/IC/test_ic/
Done!
running with 1 processes on 1 nodes
KeysView(<configparser.ConfigParser object at 0x2b0ae68217f0>)
[1;33m**** WILL RECENTER THE SYSTEM FOR EACH COMPONENT![0m
[1;33m**** READING IN THE SNAPSHOT diskhalo.hdf5[0m
[1;33m**** READING IN DIFFERENT COMPONENTS IN THE SNAPSHOT[0m
CoMs for each component in the model:
 [array([-0.00045591,  0.00832165, -0.00010086]), array([-0.0256304 , -0.00692284,  0.03510274])]
[1;33m**** Tansforming the Disk component ...[0m
[1;33m**** Tansforming the Halo component ...[0m
[1;33m**** JOB HAS BEEN FINISHED![0m
Input hdf5 file:diskhalo.hdf5 in directory:/home/bhchen/FeGradient/IC/test_ic/
Output text file:model* in directory:/home/bhchen/FeGradient/IC/Fig/
/home/bhchen/Pipeline/Python/Simulation/Snapshot/radial_profile.py:126: RuntimeWarning: invalid value encountered in sqrt
  nu           = np.sqrt(-deriv[:,2])
/home/bhchen/Pipeline/Python/Simulation/Snapshot/radial_profile.py:138: RuntimeWarning: invalid value encountered in sqrt
  ax.plot(r, np.sqrt(-r*pot.force(points)[:,0]), color=curve_colors[i], linestyle=curve_types[0], label=components[i])
[1;33m**** Reading in the Disk component...[0m
[1;33m**** Reading in the Halo component...[0m
[1;33m**** Plotting RC...[0m
[1;33m**** Plotting Toomre parameter profile...[0m
Done!
running with 1 processes on 1 nodes
Updating potential...done
Updating action finder...done
Computing density for component 0...done
Computing density for component 1...done
Updating potential...done
Updating action finder...done
Computing density for component 0...done
Computing density for component 1...done
Updating potential...done
Updating action finder...done
Computing density for component 0...done
Computing density for component 1...done
Updating potential...done
Updating action finder...done
Computing density for component 0...done
Computing density for component 1...done
Updating potential...done
Updating action finder...done
Computing density for component 0...done
Computing density for component 1...done
Updating potential...done
Updating action finder...done
Computing density for component 0...done
Computing density for component 1...done
Updating potential...done
Updating action finder...done
Information of iteration init:
Disk  total mass=2, rho(R=2,z=0)=0.0157278, rho(R=2,z=0.25)=0.0151151
Halo  total mass=20, rho(R=2,z=0)=0.0241412, rho(R=2,z=0.25)=0.0237688
[1;33m**** STARTING ITERATIVE MODELLING ****[0m
Masses (computed from DF): 
MDisk=2.000000000000011
MHalo=19.99997555779161
[1;37mStarting iteration #1[0m
Information of iteration iter1:
Disk  total mass=1.99973, rho(R=2,z=0)=0.0404268, rho(R=2,z=0.25)=0.0271712
Halo  total mass=20.0066, rho(R=2,z=0)=0.0241891, rho(R=2,z=0.25)=0.0237958
[1;37mStarting iteration #2[0m
Information of iteration iter2:
Disk  total mass=1.99947, rho(R=2,z=0)=0.0395315, rho(R=2,z=0.25)=0.0246021
Halo  total mass=20.0257, rho(R=2,z=0)=0.0246132, rho(R=2,z=0.25)=0.0240221
[1;37mStarting iteration #3[0m
Information of iteration iter3:
Disk  total mass=1.99961, rho(R=2,z=0)=0.0360719, rho(R=2,z=0.25)=0.023012
Halo  total mass=20.031, rho(R=2,z=0)=0.0241207, rho(R=2,z=0.25)=0.0235449
[1;37mStarting iteration #4[0m
Information of iteration iter4:
Disk  total mass=1.99961, rho(R=2,z=0)=0.0338116, rho(R=2,z=0.25)=0.0221536
Halo  total mass=20.0315, rho(R=2,z=0)=0.0237472, rho(R=2,z=0.25)=0.0231933
[1;37mStarting iteration #5[0m
Information of iteration iter5:
Disk  total mass=1.99912, rho(R=2,z=0)=0.0325626, rho(R=2,z=0.25)=0.0216925
Halo  total mass=20.0331, rho(R=2,z=0)=0.023526, rho(R=2,z=0.25)=0.0229879
[1;33mCreating an N-body representation of the model[0m
Sampling Disk DF
Sampling Halo DF
Recommended value for the softening length of Disk particles: 0.018563630663394257 kpc.
Recommended value for the softening length of Halo particles: 0.05851258527269118 kpc.
Input INI file:diskhalo.ini in directory:/home/bhchen/FeGradient/IC/test_ic/
Output txt file:model_* in directory:/home/bhchen/FeGradient/IC/test_ic/
Read in the txt file of different components...
Create the hdf5 file 'diskhalo.hdf5' at /home/bhchen/FeGradient/IC/test_ic/...
Create the Header...
Create the different PartType...
Finish the transformation!
Input text file:model_* in directory:/home/bhchen/FeGradient/IC/test_ic/
Output hdf5 file:diskhalo.hdf5 in directory:/home/bhchen/FeGradient/IC/test_ic/
Done!
running with 1 processes on 1 nodes
KeysView(<configparser.ConfigParser object at 0x2b03d21a07f0>)
[1;33m**** WILL RECENTER THE SYSTEM FOR EACH COMPONENT![0m
[1;33m**** READING IN THE SNAPSHOT diskhalo.hdf5[0m
[1;33m**** READING IN DIFFERENT COMPONENTS IN THE SNAPSHOT[0m
CoMs for each component in the model:
 [array([ 4.44603782e-03,  1.03516453e-02, -1.46866508e-05]), array([ 0.03879882,  0.01031862, -0.00319713])]
[1;33m**** Tansforming the Disk component ...[0m
[1;33m**** Tansforming the Halo component ...[0m
[1;33m**** JOB HAS BEEN FINISHED![0m
Input hdf5 file:diskhalo.hdf5 in directory:/home/bhchen/FeGradient/IC/test_ic/
Output text file:model* in directory:/home/bhchen/FeGradient/IC/Fig/
[1;33m**** Reading in the Disk component...[0m
[1;33m**** Reading in the Halo component...[0m
[1;33m**** Plotting RC...[0m
[1;33m**** Plotting Toomre parameter profile...[0m
Done!
running with 1 processes on 1 nodes
Updating potential...done
Updating action finder...done
Computing density for component 0...done
Computing density for component 1...done
Updating potential...done
Updating action finder...done
Computing density for component 0...done
Computing density for component 1...done
Updating potential...done
Updating action finder...done
Computing density for component 0...done
Computing density for component 1...done
Updating potential...done
Updating action finder...done
Computing density for component 0...done
Computing density for component 1...done
Updating potential...done
Updating action finder...done
Computing density for component 0...done
Computing density for component 1...done
Updating potential...done
Updating action finder...done
Computing density for component 0...done
Computing density for component 1...done
Updating potential...done
Updating action finder...done
Information of iteration init:
Disk  total mass=2, rho(R=2,z=0)=0.0172314, rho(R=2,z=0.25)=0.0165601
Halo  total mass=20, rho(R=2,z=0)=0.0241412, rho(R=2,z=0.25)=0.0237688
[1;33m**** STARTING ITERATIVE MODELLING ****[0m
Masses (computed from DF): 
MDisk=2.0000000000000036
MHalo=19.999979785375306
[1;37mStarting iteration #1[0m
Information of iteration iter1:
Disk  total mass=1.99912, rho(R=2,z=0)=0.0408299, rho(R=2,z=0.25)=0.0275274
Halo  total mass=20.0051, rho(R=2,z=0)=0.0244693, rho(R=2,z=0.25)=0.0240565
[1;37mStarting iteration #2[0m
Information of iteration iter2:
Disk  total mass=1.99891, rho(R=2,z=0)=0.0417589, rho(R=2,z=0.25)=0.0253827
Halo  total mass=20.0253, rho(R=2,z=0)=0.0249767, rho(R=2,z=0.25)=0.0243523
[1;37mStarting iteration #3[0m
Information of iteration iter3:
Disk  total mass=1.9989, rho(R=2,z=0)=0.0395732, rho(R=2,z=0.25)=0.0242432
Halo  total mass=20.0303, rho(R=2,z=0)=0.0246388, rho(R=2,z=0.25)=0.0240166
[1;37mStarting iteration #4[0m
Information of iteration iter4:
Disk  total mass=1.99885, rho(R=2,z=0)=0.0380776, rho(R=2,z=0.25)=0.0237159
Halo  total mass=20.0309, rho(R=2,z=0)=0.0243831, rho(R=2,z=0.25)=0.0237774
[1;37mStarting iteration #5[0m
Information of iteration iter5:
Disk  total mass=1.99892, rho(R=2,z=0)=0.0372484, rho(R=2,z=0.25)=0.0234536
Halo  total mass=20.0305, rho(R=2,z=0)=0.0242448, rho(R=2,z=0.25)=0.0236495
[1;33mCreating an N-body representation of the model[0m
Sampling Disk DF
Sampling Halo DF
Recommended value for the softening length of Disk particles: 0.018563025485499124 kpc.
Recommended value for the softening length of Halo particles: 0.05851011474916837 kpc.
Input INI file:diskhalo.ini in directory:/home/bhchen/FeGradient/IC/test_ic/
Output txt file:model_* in directory:/home/bhchen/FeGradient/IC/test_ic/
Read in the txt file of different components...
Create the hdf5 file 'diskhalo.hdf5' at /home/bhchen/FeGradient/IC/test_ic/...
Create the Header...
Create the different PartType...
Finish the transformation!
Input text file:model_* in directory:/home/bhchen/FeGradient/IC/test_ic/
Output hdf5 file:diskhalo.hdf5 in directory:/home/bhchen/FeGradient/IC/test_ic/
Done!
running with 1 processes on 1 nodes
KeysView(<configparser.ConfigParser object at 0x2b7cf09507f0>)
[1;33m**** WILL RECENTER THE SYSTEM FOR EACH COMPONENT![0m
[1;33m**** READING IN THE SNAPSHOT diskhalo.hdf5[0m
[1;33m**** READING IN DIFFERENT COMPONENTS IN THE SNAPSHOT[0m
CoMs for each component in the model:
 [array([ 0.00282306, -0.00678354,  0.00011613]), array([ 0.0154473 , -0.02411681,  0.00711498])]
[1;33m**** Tansforming the Disk component ...[0m
[1;33m**** Tansforming the Halo component ...[0m
[1;33m**** JOB HAS BEEN FINISHED![0m
Input hdf5 file:diskhalo.hdf5 in directory:/home/bhchen/FeGradient/IC/test_ic/
Output text file:model* in directory:/home/bhchen/FeGradient/IC/Fig/
[1;33m**** Reading in the Disk component...[0m
[1;33m**** Reading in the Halo component...[0m
[1;33m**** Plotting RC...[0m
[1;33m**** Plotting Toomre parameter profile...[0m
Done!
running with 1 processes on 1 nodes
Updating potential...done
Updating action finder...done
Computing density for component 0...done
Computing density for component 1...done
Updating potential...done
Updating action finder...done
Computing density for component 0...done
Computing density for component 1...done
Updating potential...done
Updating action finder...done
Computing density for component 0...done
Computing density for component 1...done
Updating potential...done
Updating action finder...done
Computing density for component 0...done
Computing density for component 1...done
Updating potential...done
Updating action finder...done
Computing density for component 0...done
Computing density for component 1...done
Updating potential...done
Updating action finder...done
Computing density for component 0...done
Computing density for component 1...done
Updating potential...done
Updating action finder...done
Information of iteration init:
Disk  total mass=2, rho(R=2,z=0)=0.15955, rho(R=2,z=0.25)=0.0149735
Halo  total mass=20, rho(R=2,z=0)=0.0241412, rho(R=2,z=0.25)=0.0237688
[1;33m**** STARTING ITERATIVE MODELLING ****[0m
Masses (computed from DF): 
MDisk=1.9999999999999885
MHalo=19.99960842984326
[1;37mStarting iteration #1[0m
Information of iteration iter1:
Disk  total mass=1.99877, rho(R=2,z=0)=0.0349845, rho(R=2,z=0.25)=0.0235378
Halo  total mass=20.0214, rho(R=2,z=0)=0.026522, rho(R=2,z=0.25)=0.0256838
[1;37mStarting iteration #2[0m
Information of iteration iter2:
Disk  total mass=1.99874, rho(R=2,z=0)=0.0230011, rho(R=2,z=0.25)=0.0189246
Halo  total mass=20.0224, rho(R=2,z=0)=0.0235943, rho(R=2,z=0.25)=0.0230613
[1;37mStarting iteration #3[0m
Information of iteration iter3:
Disk  total mass=1.99841, rho(R=2,z=0)=0.0191029, rho(R=2,z=0.25)=0.0163853
Halo  total mass=20.0255, rho(R=2,z=0)=0.0223491, rho(R=2,z=0.25)=0.0219096
[1;37mStarting iteration #4[0m
Information of iteration iter4:
Disk  total mass=1.99875, rho(R=2,z=0)=0.0173948, rho(R=2,z=0.25)=0.0151525
Halo  total mass=20.0381, rho(R=2,z=0)=0.0217365, rho(R=2,z=0.25)=0.0213352
[1;37mStarting iteration #5[0m
Information of iteration iter5:
Disk  total mass=1.99758, rho(R=2,z=0)=0.0165734, rho(R=2,z=0.25)=0.0145359
Halo  total mass=20.0284, rho(R=2,z=0)=0.0214382, rho(R=2,z=0.25)=0.0210535
[1;33mCreating an N-body representation of the model[0m
Sampling Disk DF
Sampling Halo DF
Recommended value for the softening length of Disk particles: 0.018558853397660346 kpc.
Recommended value for the softening length of Halo particles: 0.058508017008319195 kpc.
Input INI file:diskhalo.ini in directory:/home/bhchen/FeGradient/IC/test_ic/
Output txt file:model_* in directory:/home/bhchen/FeGradient/IC/test_ic/
Read in the txt file of different components...
Create the hdf5 file 'diskhalo.hdf5' at /home/bhchen/FeGradient/IC/test_ic/...
Create the Header...
Create the different PartType...
Finish the transformation!
Input text file:model_* in directory:/home/bhchen/FeGradient/IC/test_ic/
Output hdf5 file:diskhalo.hdf5 in directory:/home/bhchen/FeGradient/IC/test_ic/
Done!
running with 1 processes on 1 nodes
KeysView(<configparser.ConfigParser object at 0x2b9bfa24d7f0>)
[1;33m**** WILL RECENTER THE SYSTEM FOR EACH COMPONENT![0m
[1;33m**** READING IN THE SNAPSHOT diskhalo.hdf5[0m
[1;33m**** READING IN DIFFERENT COMPONENTS IN THE SNAPSHOT[0m
CoMs for each component in the model:
 [array([4.79830429e-03, 4.79178868e-03, 6.25285518e-05]), array([ 0.01473103, -0.02203133,  0.0156115 ])]
[1;33m**** Tansforming the Disk component ...[0m
[1;33m**** Tansforming the Halo component ...[0m
[1;33m**** JOB HAS BEEN FINISHED![0m
Input hdf5 file:diskhalo.hdf5 in directory:/home/bhchen/FeGradient/IC/test_ic/
Output text file:model* in directory:/home/bhchen/FeGradient/IC/Fig/
[1;33m**** Reading in the Disk component...[0m
[1;33m**** Reading in the Halo component...[0m
[1;33m**** Plotting RC...[0m
[1;33m**** Plotting Toomre parameter profile...[0m
Done!
running with 1 processes on 1 nodes
Updating potential...done
Updating action finder...done
Computing density for component 0...done
Computing density for component 1...done
Updating potential...done
Updating action finder...done
Computing density for component 0...done
Computing density for component 1...done
Updating potential...done
Updating action finder...done
Computing density for component 0...done
Computing density for component 1...done
Updating potential...done
Updating action finder...done
Computing density for component 0...done
Computing density for component 1...done
Updating potential...done
Updating action finder...done
Computing density for component 0...done
Computing density for component 1...done
Updating potential...done
Updating action finder...done
Computing density for component 0...done
Computing density for component 1...done
Updating potential...done
Updating action finder...done
Information of iteration init:
Disk  total mass=2.00009, rho(R=2,z=0)=0.0863711, rho(R=2,z=0.25)=0.00810577
Halo  total mass=20, rho(R=2,z=0)=0.0241412, rho(R=2,z=0.25)=0.0237688
[1;33m**** STARTING ITERATIVE MODELLING ****[0m
Masses (computed from DF): 
MDisk=2.000000000000006
MHalo=19.999976065104512
[1;37mStarting iteration #1[0m
Information of iteration iter1:
Disk  total mass=1.99935, rho(R=2,z=0)=0.0376322, rho(R=2,z=0.25)=0.0251755
Halo  total mass=20.0104, rho(R=2,z=0)=0.0257354, rho(R=2,z=0.25)=0.0250934
[1;37mStarting iteration #2[0m
Information of iteration iter2:
Disk  total mass=1.99894, rho(R=2,z=0)=0.0213207, rho(R=2,z=0.25)=0.0179088
Halo  total mass=20.0274, rho(R=2,z=0)=0.0233274, rho(R=2,z=0.25)=0.0228635
[1;37mStarting iteration #3[0m
Information of iteration iter3:
Disk  total mass=1.99956, rho(R=2,z=0)=0.0137601, rho(R=2,z=0.25)=0.0123462
Halo  total mass=20.0304, rho(R=2,z=0)=0.0214237, rho(R=2,z=0.25)=0.0210763
[1;37mStarting iteration #4[0m
Information of iteration iter4:
Disk  total mass=1.99913, rho(R=2,z=0)=0.010456, rho(R=2,z=0.25)=0.0096698
Halo  total mass=20.0345, rho(R=2,z=0)=0.0201583, rho(R=2,z=0.25)=0.0198786
[1;37mStarting iteration #5[0m
Information of iteration iter5:
Disk  total mass=2.0007, rho(R=2,z=0)=0.00898099, rho(R=2,z=0.25)=0.00842481
Halo  total mass=20.0357, rho(R=2,z=0)=0.0193865, rho(R=2,z=0.25)=0.0191415
[1;33mCreating an N-body representation of the model[0m
Sampling Disk DF
Sampling Halo DF
Recommended value for the softening length of Disk particles: 0.018568521981375225 kpc.
Recommended value for the softening length of Halo particles: 0.05851514865745566 kpc.
Input INI file:diskhalo.ini in directory:/home/bhchen/FeGradient/IC/test_ic/
Output txt file:model_* in directory:/home/bhchen/FeGradient/IC/test_ic/
Read in the txt file of different components...
Create the hdf5 file 'diskhalo.hdf5' at /home/bhchen/FeGradient/IC/test_ic/...
Create the Header...
Create the different PartType...
Finish the transformation!
Input text file:model_* in directory:/home/bhchen/FeGradient/IC/test_ic/
Output hdf5 file:diskhalo.hdf5 in directory:/home/bhchen/FeGradient/IC/test_ic/
KeysView(<configparser.ConfigParser object at 0x2b2ceb6dc7c0>)
[1;33m**** WILL RECENTER THE SYSTEM FOR EACH COMPONENT![0m
[1;33m**** READING IN THE SNAPSHOT diskhalo.hdf5[0m
[1;33m**** READING IN DIFFERENT COMPONENTS IN THE SNAPSHOT[0m
CoMs for each component in the model:
 [array([ 0.00073873,  0.00993831, -0.00010872]), array([-0.00541233,  0.00234711, -0.00302518])]
[1;33m**** Tansforming the Disk component ...[0m
[1;33m**** Tansforming the Halo component ...[0m
[1;33m**** JOB HAS BEEN FINISHED![0m
Input hdf5 file:diskhalo.hdf5 in directory:/home/bhchen/FeGradient/IC/test_ic/
Output text file:model* in directory:/home/bhchen/FeGradient/IC/Fig/
/home/bhchen/Pipeline/Python/Simulation/Snapshot/radial_profile.py:138: RuntimeWarning: invalid value encountered in sqrt
  ax.plot(r, np.sqrt(-r*pot.force(points)[:,0]), color=curve_colors[i], linestyle=curve_types[0], label=components[i])
[1;33m**** Reading in the Disk component...[0m
[1;33m**** Reading in the Halo component...[0m
[1;33m**** Plotting RC...[0m
[1;33m**** Plotting Toomre parameter profile...[0m
Done!
running with 1 processes on 1 nodes
Updating potential...done
Updating action finder...done
Computing density for component 0...done
Computing density for component 1...done
Updating potential...done
Updating action finder...done
Computing density for component 0...done
Computing density for component 1...done
Updating potential...done
Updating action finder...done
Computing density for component 0...done
Computing density for component 1...done
Updating potential...done
Updating action finder...done
Computing density for component 0...done
Computing density for component 1...done
Updating potential...done
Updating action finder...done
Computing density for component 0...done
Computing density for component 1...done
Updating potential...done
Updating action finder...done
Computing density for component 0...done
Computing density for component 1...done
Updating potential...done
Updating action finder...done
Information of iteration init:
Disk  total mass=2, rho(R=2,z=0)=0.138116, rho(R=2,z=0.25)=0.012962
Halo  total mass=20, rho(R=2,z=0)=0.0241412, rho(R=2,z=0.25)=0.0237688
[1;33m**** STARTING ITERATIVE MODELLING ****[0m
Masses (computed from DF): 
MDisk=1.9999999999999931
MHalo=20.000100856709487
[1;37mStarting iteration #1[0m
Information of iteration iter1:
Disk  total mass=1.99732, rho(R=2,z=0)=0.0349979, rho(R=2,z=0.25)=0.0236452
Halo  total mass=20.0317, rho(R=2,z=0)=0.0267397, rho(R=2,z=0.25)=0.0258899
[1;37mStarting iteration #2[0m
Information of iteration iter2:
Disk  total mass=1.99851, rho(R=2,z=0)=0.0271681, rho(R=2,z=0.25)=0.0216019
Halo  total mass=20.0226, rho(R=2,z=0)=0.0246932, rho(R=2,z=0.25)=0.024095
[1;37mStarting iteration #3[0m
Information of iteration iter3:
Disk  total mass=1.9986, rho(R=2,z=0)=0.0249676, rho(R=2,z=0.25)=0.0203956
Halo  total mass=20.025, rho(R=2,z=0)=0.0239834, rho(R=2,z=0.25)=0.0234363
[1;37mStarting iteration #4[0m
Information of iteration iter4:
Disk  total mass=1.99864, rho(R=2,z=0)=0.024052, rho(R=2,z=0.25)=0.0198184
Halo  total mass=20.0298, rho(R=2,z=0)=0.0236844, rho(R=2,z=0.25)=0.0231678
[1;37mStarting iteration #5[0m
Information of iteration iter5:
Disk  total mass=1.99657, rho(R=2,z=0)=0.0236185, rho(R=2,z=0.25)=0.0192077
Halo  total mass=20.0237, rho(R=2,z=0)=0.0235517, rho(R=2,z=0.25)=0.0230438
[1;33mCreating an N-body representation of the model[0m
Sampling Disk DF
Sampling Halo DF
Recommended value for the softening length of Disk particles: 0.01855573394928878 kpc.
Recommended value for the softening length of Halo particles: 0.05850340622163678 kpc.
Input INI file:diskhalo.ini in directory:/home/bhchen/FeGradient/IC/test_ic/
Output txt file:model_* in directory:/home/bhchen/FeGradient/IC/test_ic/
Read in the txt file of different components...
Create the hdf5 file 'diskhalo.hdf5' at /home/bhchen/FeGradient/IC/test_ic/...
Create the Header...
Create the different PartType...
Finish the transformation!
Input text file:model_* in directory:/home/bhchen/FeGradient/IC/test_ic/
Output hdf5 file:diskhalo.hdf5 in directory:/home/bhchen/FeGradient/IC/test_ic/
KeysView(<configparser.ConfigParser object at 0x2b788e03a7c0>)
[1;33m**** WILL RECENTER THE SYSTEM FOR EACH COMPONENT![0m
[1;33m**** READING IN THE SNAPSHOT diskhalo.hdf5[0m
[1;33m**** READING IN DIFFERENT COMPONENTS IN THE SNAPSHOT[0m
CoMs for each component in the model:
 [array([ 4.82441572e-03, -1.57337669e-02,  3.78475473e-05]), array([-0.03947934, -0.01440988,  0.00356628])]
[1;33m**** Tansforming the Disk component ...[0m
[1;33m**** Tansforming the Halo component ...[0m
[1;33m**** JOB HAS BEEN FINISHED![0m
Input hdf5 file:diskhalo.hdf5 in directory:/home/bhchen/FeGradient/IC/test_ic/
Output text file:model* in directory:/home/bhchen/FeGradient/IC/Fig/
[1;33m**** Reading in the Disk component...[0m
[1;33m**** Reading in the Halo component...[0m
[1;33m**** Plotting RC...[0m
[1;33m**** Plotting Toomre parameter profile...[0m
Done!
running with 1 processes on 1 nodes
Updating potential...done
Updating action finder...done
Computing density for component 0...done
Computing density for component 1...done
Updating potential...done
Updating action finder...done
Computing density for component 0...done
Computing density for component 1...done
Updating potential...done
Updating action finder...done
Computing density for component 0...done
Computing density for component 1...done
Updating potential...done
Updating action finder...done
Computing density for component 0...done
Computing density for component 1...done
Updating potential...done
Updating action finder...done
Computing density for component 0...done
Computing density for component 1...done
Updating potential...done
Updating action finder...done
Computing density for component 0...done
Computing density for component 1...done
Updating potential...done
Updating action finder...done
Information of iteration init:
Disk  total mass=2, rho(R=2,z=0)=0.146893, rho(R=2,z=0.25)=0.0156288
Halo  total mass=20, rho(R=2,z=0)=0.0241412, rho(R=2,z=0.25)=0.0237688
[1;33m**** STARTING ITERATIVE MODELLING ****[0m
Masses (computed from DF): 
MDisk=2.000000000000006
MHalo=20.000001312278602
[1;37mStarting iteration #1[0m
Information of iteration iter1:
Disk  total mass=1.99738, rho(R=2,z=0)=0.0352623, rho(R=2,z=0.25)=0.0237843
Halo  total mass=20.0268, rho(R=2,z=0)=0.0266651, rho(R=2,z=0.25)=0.0258124
[1;37mStarting iteration #2[0m
Information of iteration iter2:
Disk  total mass=1.99596, rho(R=2,z=0)=0.0254608, rho(R=2,z=0.25)=0.0205261
Halo  total mass=20.0233, rho(R=2,z=0)=0.0241557, rho(R=2,z=0.25)=0.0235845
[1;37mStarting iteration #3[0m
Information of iteration iter3:
Disk  total mass=1.99403, rho(R=2,z=0)=0.0224547, rho(R=2,z=0.25)=0.0187178
Halo  total mass=20.0241, rho(R=2,z=0)=0.0231987, rho(R=2,z=0.25)=0.0227036
[1;37mStarting iteration #4[0m
Information of iteration iter4:
Disk  total mass=1.99683, rho(R=2,z=0)=0.0211474, rho(R=2,z=0.25)=0.0178428
Halo  total mass=20.0245, rho(R=2,z=0)=0.0227728, rho(R=2,z=0.25)=0.0223073
[1;37mStarting iteration #5[0m
Information of iteration iter5:
Disk  total mass=1.99687, rho(R=2,z=0)=0.0205318, rho(R=2,z=0.25)=0.0174234
Halo  total mass=20.025, rho(R=2,z=0)=0.0225718, rho(R=2,z=0.25)=0.0221193
[1;33mCreating an N-body representation of the model[0m
Sampling Disk DF
Sampling Halo DF
Recommended value for the softening length of Disk particles: 0.018556658429618008 kpc.
Recommended value for the softening length of Halo particles: 0.05850468889425114 kpc.
Input INI file:diskhalo.ini in directory:/home/bhchen/FeGradient/IC/test_ic/
Output txt file:model_* in directory:/home/bhchen/FeGradient/IC/test_ic/
Read in the txt file of different components...
Create the hdf5 file 'diskhalo.hdf5' at /home/bhchen/FeGradient/IC/test_ic/...
Create the Header...
Create the different PartType...
Finish the transformation!
Input text file:model_* in directory:/home/bhchen/FeGradient/IC/test_ic/
Output hdf5 file:diskhalo.hdf5 in directory:/home/bhchen/FeGradient/IC/test_ic/
KeysView(<configparser.ConfigParser object at 0x2ad679d127c0>)
[1;33m**** WILL RECENTER THE SYSTEM FOR EACH COMPONENT![0m
[1;33m**** READING IN THE SNAPSHOT diskhalo.hdf5[0m
[1;33m**** READING IN DIFFERENT COMPONENTS IN THE SNAPSHOT[0m
CoMs for each component in the model:
 [array([0.0062032 , 0.00342209, 0.0001455 ]), array([-0.02166553, -0.03951667, -0.01570784])]
[1;33m**** Tansforming the Disk component ...[0m
[1;33m**** Tansforming the Halo component ...[0m
[1;33m**** JOB HAS BEEN FINISHED![0m
Input hdf5 file:diskhalo.hdf5 in directory:/home/bhchen/FeGradient/IC/test_ic/
Output text file:model* in directory:/home/bhchen/FeGradient/IC/Fig/
[1;33m**** Reading in the Disk component...[0m
[1;33m**** Reading in the Halo component...[0m
[1;33m**** Plotting RC...[0m
[1;33m**** Plotting Toomre parameter profile...[0m
Done!
running with 1 processes on 1 nodes
Updating potential...done
Updating action finder...done
Computing density for component 0...done
Computing density for component 1...done
Updating potential...done
Updating action finder...done
Computing density for component 0...done
Computing density for component 1...done
Updating potential...done
Updating action finder...done
Computing density for component 0...done
Computing density for component 1...done
Updating potential...done
Updating action finder...done
Computing density for component 0...done
Computing density for component 1...done
Updating potential...done
Updating action finder...done
Computing density for component 0...done
Computing density for component 1...done
Updating potential...done
Updating action finder...done
Computing density for component 0...done
Computing density for component 1...done
Updating potential...done
Updating action finder...done
Information of iteration init:
Disk  total mass=2.5, rho(R=2,z=0)=0.183616, rho(R=2,z=0.25)=0.019536
Halo  total mass=20, rho(R=2,z=0)=0.0241412, rho(R=2,z=0.25)=0.0237688
[1;33m**** STARTING ITERATIVE MODELLING ****[0m
Masses (computed from DF): 
MDisk=2.000000000000011
MHalo=20.00000978496669
[1;37mStarting iteration #1[0m
Information of iteration iter1:
Disk  total mass=1.99424, rho(R=2,z=0)=0.0350008, rho(R=2,z=0.25)=0.0236407
Halo  total mass=20.0289, rho(R=2,z=0)=0.0269277, rho(R=2,z=0.25)=0.0260215
[1;37mStarting iteration #2[0m
Information of iteration iter2:
Disk  total mass=1.99645, rho(R=2,z=0)=0.0224895, rho(R=2,z=0.25)=0.0185535
Halo  total mass=20.0261, rho(R=2,z=0)=0.0229841, rho(R=2,z=0.25)=0.0224462
[1;37mStarting iteration #3[0m
Information of iteration iter3:
Disk  total mass=1.99731, rho(R=2,z=0)=0.0187148, rho(R=2,z=0.25)=0.0160859
Halo  total mass=20.0224, rho(R=2,z=0)=0.021483, rho(R=2,z=0.25)=0.0210459
[1;37mStarting iteration #4[0m
Information of iteration iter4:
Disk  total mass=1.99689, rho(R=2,z=0)=0.0171568, rho(R=2,z=0.25)=0.0149341
Halo  total mass=20.0252, rho(R=2,z=0)=0.0208071, rho(R=2,z=0.25)=0.0204076
[1;37mStarting iteration #5[0m
Information of iteration iter5:
Disk  total mass=1.99693, rho(R=2,z=0)=0.0164085, rho(R=2,z=0.25)=0.0143843
Halo  total mass=20.0245, rho(R=2,z=0)=0.020483, rho(R=2,z=0.25)=0.0201015
[1;33mCreating an N-body representation of the model[0m
Sampling Disk DF
Sampling Halo DF
Recommended value for the softening length of Disk particles: 0.01855684936126129 kpc.
Recommended value for the softening length of Halo particles: 0.05850425286759098 kpc.
Input INI file:diskhalo.ini in directory:/home/bhchen/FeGradient/IC/test_ic/
Output txt file:model_* in directory:/home/bhchen/FeGradient/IC/test_ic/
Read in the txt file of different components...
Create the hdf5 file 'diskhalo.hdf5' at /home/bhchen/FeGradient/IC/test_ic/...
Create the Header...
Create the different PartType...
Finish the transformation!
Input text file:model_* in directory:/home/bhchen/FeGradient/IC/test_ic/
Output hdf5 file:diskhalo.hdf5 in directory:/home/bhchen/FeGradient/IC/test_ic/
KeysView(<configparser.ConfigParser object at 0x2b8cf2dca7c0>)
[1;33m**** WILL RECENTER THE SYSTEM FOR EACH COMPONENT![0m
[1;33m**** READING IN THE SNAPSHOT diskhalo.hdf5[0m
[1;33m**** READING IN DIFFERENT COMPONENTS IN THE SNAPSHOT[0m
CoMs for each component in the model:
 [array([0.01341664, 0.00419345, 0.00043048]), array([-0.04869319, -0.01578204,  0.00068842])]
[1;33m**** Tansforming the Disk component ...[0m
[1;33m**** Tansforming the Halo component ...[0m
[1;33m**** JOB HAS BEEN FINISHED![0m
Input hdf5 file:diskhalo.hdf5 in directory:/home/bhchen/FeGradient/IC/test_ic/
Output text file:model* in directory:/home/bhchen/FeGradient/IC/Fig/
[1;33m**** Reading in the Disk component...[0m
[1;33m**** Reading in the Halo component...[0m
[1;33m**** Plotting RC...[0m
[1;33m**** Plotting Toomre parameter profile...[0m
Done!
running with 1 processes on 1 nodes
Updating potential...done
Updating action finder...done
Computing density for component 0...done
Computing density for component 1...done
Updating potential...done
Updating action finder...done
Computing density for component 0...done
Computing density for component 1...done
Updating potential...done
Updating action finder...done
Computing density for component 0...done
Computing density for component 1...done
Updating potential...done
Updating action finder...done
Computing density for component 0...done
Computing density for component 1...done
Updating potential...done
Updating action finder...done
Computing density for component 0...